# JRE version: Java(TM) SE Runtime Environment (7.0_51-b13) (build 1.7.0_51-b13)
# Java VM: Java HotSpot(TM) 64-Bit Server VM (24.51-b03 mixed mode windows-amd64 compressed oops)
Heap
 PSYoungGen      total 56320K, used 15999K [0x00000000eb300000, 0x00000000f5180000, 0x0000000100000000)
  eden space 53248K, 24% used [0x00000000eb300000,0x00000000ebfea800,0x00000000ee700000)
  from space 3072K, 90% used [0x00000000f4680000,0x00000000f49356f0,0x00000000f4980000)
  to   space 6656K, 0% used [0x00000000f4b00000,0x00000000f4b00000,0x00000000f5180000)
 ParOldGen       total 42496K, used 37425K [0x00000000c1a00000, 0x00000000c4380000, 0x00000000eb300000)
  object space 42496K, 88% used [0x00000000c1a00000,0x00000000c3e8c6d8,0x00000000c4380000)
 PSPermGen       total 39424K, used 39235K [0x00000000bc800000, 0x00000000bee80000, 0x00000000c1a00000)
  object space 39424K, 99% used [0x00000000bc800000,0x00000000bee50d08,0x00000000bee80000)
GC Heap History (10 events):
Event: 16876.960 GC heap before
{Heap before GC invocations=37 (full 0):
 PSYoungGen      total 67072K, used 66749K [0x00000000eb300000, 0x00000000f6200000, 0x0000000100000000)
  eden space 63488K, 100% used [0x00000000eb300000,0x00000000ef100000,0x00000000ef100000)
  from space 3584K, 91% used [0x00000000f5e80000,0x00000000f61af7d0,0x00000000f6200000)
  to   space 7680K, 0% used [0x00000000f5300000,0x00000000f5300000,0x00000000f5a80000)
 ParOldGen       total 42496K, used 36584K [0x00000000c1a00000, 0x00000000c4380000, 0x00000000eb300000)
  object space 42496K, 86% used [0x00000000c1a00000,0x00000000c3dba348,0x00000000c4380000)
 PSPermGen       total 39424K, used 39159K [0x00000000bc800000, 0x00000000bee80000, 0x00000000c1a00000)
  object space 39424K, 99% used [0x00000000bc800000,0x00000000bee3dc00,0x00000000bee80000)
Event: 16877.114 GC heap after
Heap after GC invocations=37 (full 0):
 PSYoungGen      total 65024K, used 3108K [0x00000000eb300000, 0x00000000f5f00000, 0x0000000100000000)
  eden space 61440K, 0% used [0x00000000eb300000,0x00000000eb300000,0x00000000eef00000)
  from space 3584K, 86% used [0x00000000f5300000,0x00000000f5609060,0x00000000f5680000)
  to   space 7680K, 0% used [0x00000000f5780000,0x00000000f5780000,0x00000000f5f00000)
 ParOldGen       total 42496K, used 36729K [0x00000000c1a00000, 0x00000000c4380000, 0x00000000eb300000)
  object space 42496K, 86% used [0x00000000c1a00000,0x00000000c3dde7d8,0x00000000c4380000)
 PSPermGen       total 39424K, used 39159K [0x00000000bc800000, 0x00000000bee80000, 0x00000000c1a00000)
  object space 39424K, 99% used [0x00000000bc800000,0x00000000bee3dc00,0x00000000bee80000)
}
Event: 17426.589 GC heap before
{Heap before GC invocations=38 (full 0):
 PSYoungGen      total 65024K, used 64548K [0x00000000eb300000, 0x00000000f5f00000, 0x0000000100000000)
  eden space 61440K, 100% used [0x00000000eb300000,0x00000000eef00000,0x00000000eef00000)
  from space 3584K, 86% used [0x00000000f5300000,0x00000000f5609060,0x00000000f5680000)
  to   space 7680K, 0% used [0x00000000f5780000,0x00000000f5780000,0x00000000f5f00000)
 ParOldGen       total 42496K, used 36729K [0x00000000c1a00000, 0x00000000c4380000, 0x00000000eb300000)
  object space 42496K, 86% used [0x00000000c1a00000,0x00000000c3dde7d8,0x00000000c4380000)
 PSPermGen       total 39424K, used 39229K [0x00000000bc800000, 0x00000000bee80000, 0x00000000c1a00000)
  object space 39424K, 99% used [0x00000000bc800000,0x00000000bee4f5c0,0x00000000bee80000)
Event: 17426.663 GC heap after
Heap after GC invocations=38 (full 0):
 PSYoungGen      total 61952K, used 2298K [0x00000000eb300000, 0x00000000f5a00000, 0x0000000100000000)
  eden space 59392K, 0% used [0x00000000eb300000,0x00000000eb300000,0x00000000eed00000)
  from space 2560K, 89% used [0x00000000f5780000,0x00000000f59be900,0x00000000f5a00000)
  to   space 7680K, 0% used [0x00000000f4b00000,0x00000000f4b00000,0x00000000f5280000)
 ParOldGen       total 42496K, used 36835K [0x00000000c1a00000, 0x00000000c4380000, 0x00000000eb300000)
  object space 42496K, 86% used [0x00000000c1a00000,0x00000000c3df8c38,0x00000000c4380000)
 PSPermGen       total 39424K, used 39229K [0x00000000bc800000, 0x00000000bee80000, 0x00000000c1a00000)
  object space 39424K, 99% used [0x00000000bc800000,0x00000000bee4f5c0,0x00000000bee80000)
}
Event: 17674.110 GC heap before
{Heap before GC invocations=39 (full 0):
 PSYoungGen      total 61952K, used 61662K [0x00000000eb300000, 0x00000000f5a00000, 0x0000000100000000)
  eden space 59392K, 99% used [0x00000000eb300000,0x00000000eecf91f8,0x00000000eed00000)
  from space 2560K, 89% used [0x00000000f5780000,0x00000000f59be900,0x00000000f5a00000)
  to   space 7680K, 0% used [0x00000000f4b00000,0x00000000f4b00000,0x00000000f5280000)
 ParOldGen       total 42496K, used 36835K [0x00000000c1a00000, 0x00000000c4380000, 0x00000000eb300000)
  object space 42496K, 86% used [0x00000000c1a00000,0x00000000c3df8c38,0x00000000c4380000)
 PSPermGen       total 39424K, used 39231K [0x00000000bc800000, 0x00000000bee80000, 0x00000000c1a00000)
  object space 39424K, 99% used [0x00000000bc800000,0x00000000bee4ff58,0x00000000bee80000)
Event: 17674.177 GC heap after
Heap after GC invocations=39 (full 0):
 PSYoungGen      total 60416K, used 2985K [0x00000000eb300000, 0x00000000f5800000, 0x0000000100000000)
  eden space 57344K, 0% used [0x00000000eb300000,0x00000000eb300000,0x00000000eeb00000)
  from space 3072K, 97% used [0x00000000f4b00000,0x00000000f4dea640,0x00000000f4e00000)
  to   space 7168K, 0% used [0x00000000f5100000,0x00000000f5100000,0x00000000f5800000)
 ParOldGen       total 42496K, used 37117K [0x00000000c1a00000, 0x00000000c4380000, 0x00000000eb300000)
  object space 42496K, 87% used [0x00000000c1a00000,0x00000000c3e3f528,0x00000000c4380000)
 PSPermGen       total 39424K, used 39231K [0x00000000bc800000, 0x00000000bee80000, 0x00000000c1a00000)
  object space 39424K, 99% used [0x00000000bc800000,0x00000000bee4ff58,0x00000000bee80000)
}
Event: 18276.948 GC heap before
{Heap before GC invocations=40 (full 0):
 PSYoungGen      total 60416K, used 60329K [0x00000000eb300000, 0x00000000f5800000, 0x0000000100000000)
  eden space 57344K, 100% used [0x00000000eb300000,0x00000000eeb00000,0x00000000eeb00000)
  from space 3072K, 97% used [0x00000000f4b00000,0x00000000f4dea640,0x00000000f4e00000)
  to   space 7168K, 0% used [0x00000000f5100000,0x00000000f5100000,0x00000000f5800000)
 ParOldGen       total 42496K, used 37117K [0x00000000c1a00000, 0x00000000c4380000, 0x00000000eb300000)
  object space 42496K, 87% used [0x00000000c1a00000,0x00000000c3e3f528,0x00000000c4380000)
 PSPermGen       total 39424K, used 39231K [0x00000000bc800000, 0x00000000bee80000, 0x00000000c1a00000)
  object space 39424K, 99% used [0x00000000bc800000,0x00000000bee4ff58,0x00000000bee80000)
Event: 18277.043 GC heap after
Heap after GC invocations=40 (full 0):
 PSYoungGen      total 58880K, used 3280K [0x00000000eb300000, 0x00000000f5480000, 0x0000000100000000)
  eden space 55296K, 0% used [0x00000000eb300000,0x00000000eb300000,0x00000000ee900000)
  from space 3584K, 91% used [0x00000000f5100000,0x00000000f54343e0,0x00000000f5480000)
  to   space 7168K, 0% used [0x00000000f4680000,0x00000000f4680000,0x00000000f4d80000)
 ParOldGen       total 42496K, used 37230K [0x00000000c1a00000, 0x00000000c4380000, 0x00000000eb300000)
  object space 42496K, 87% used [0x00000000c1a00000,0x00000000c3e5b998,0x00000000c4380000)
 PSPermGen       total 39424K, used 39231K [0x00000000bc800000, 0x00000000bee80000, 0x00000000c1a00000)
  object space 39424K, 99% used [0x00000000bc800000,0x00000000bee4ff58,0x00000000bee80000)
}
Event: 18638.619 GC heap before
{Heap before GC invocations=41 (full 0):
 PSYoungGen      total 58880K, used 58576K [0x00000000eb300000, 0x00000000f5480000, 0x0000000100000000)
  eden space 55296K, 100% used [0x00000000eb300000,0x00000000ee900000,0x00000000ee900000)
  from space 3584K, 91% used [0x00000000f5100000,0x00000000f54343e0,0x00000000f5480000)
  to   space 7168K, 0% used [0x00000000f4680000,0x00000000f4680000,0x00000000f4d80000)
 ParOldGen       total 42496K, used 37230K [0x00000000c1a00000, 0x00000000c4380000, 0x00000000eb300000)
  object space 42496K, 87% used [0x00000000c1a00000,0x00000000c3e5b998,0x00000000c4380000)
 PSPermGen       total 39424K, used 39235K [0x00000000bc800000, 0x00000000bee80000, 0x00000000c1a00000)
  object space 39424K, 99% used [0x00000000bc800000,0x00000000bee50d08,0x00000000bee80000)
Event: 18638.671 GC heap after
Heap after GC invocations=41 (full 0):
 PSYoungGen      total 56320K, used 2773K [0x00000000eb300000, 0x00000000f5180000, 0x0000000100000000)
  eden space 53248K, 0% used [0x00000000eb300000,0x00000000eb300000,0x00000000ee700000)
  from space 3072K, 90% used [0x00000000f4680000,0x00000000f49356f0,0x00000000f4980000)
  to   space 6656K, 0% used [0x00000000f4b00000,0x00000000f4b00000,0x00000000f5180000)
 ParOldGen       total 42496K, used 37425K [0x00000000c1a00000, 0x00000000c4380000, 0x00000000eb300000)
  object space 42496K, 88% used [0x00000000c1a00000,0x00000000c3e8c6d8,0x00000000c4380000)
 PSPermGen       total 39424K, used 39235K [0x00000000bc800000, 0x00000000bee80000, 0x00000000c1a00000)
  object space 39424K, 99% used [0x00000000bc800000,0x00000000bee50d08,0x00000000bee80000)
}

